[htmldemo.net/hiraola/hiraola/index-2.html]
[backblue.gif]
[fade.gif]
[index.html]
[htmldemo.net/hiraola/hiraola/assets/images/favicon.ico]
[htmldemo.net/hiraola/hiraola/assets/css/bootstrap.min.css]
[htmldemo.net/hiraola/hiraola/assets/css/font-awesome.min.css]
[htmldemo.net/hiraola/hiraola/assets/css/fontawesome-stars.css]
[htmldemo.net/hiraola/hiraola/assets/css/ionicons.min.css]
[htmldemo.net/hiraola/hiraola/assets/css/slick.min.css]
[htmldemo.net/hiraola/hiraola/assets/css/animate.min.css]
[htmldemo.net/hiraola/hiraola/assets/css/jquery-ui.min.css]
[htmldemo.net/hiraola/hiraola/assets/css/nice-select.min.css]
[htmldemo.net/hiraola/hiraola/assets/css/timecircles.min.css]
[htmldemo.net/hiraola/hiraola/index.html]
[htmldemo.net/hiraola/hiraola/assets/css/style.css]
[htmldemo.net/hiraola/hiraola/assets/images/menu/logo/1.png]
[htmldemo.net/hiraola/hiraola/index-3.html]
[htmldemo.net/hiraola/hiraola/shop-left-sidebar.html]
[htmldemo.net/hiraola/hiraola/shop-3-column.html]
[htmldemo.net/hiraola/hiraola/shop-list-fullwidth.html]
[htmldemo.net/hiraola/hiraola/shop-right-sidebar.html]
[htmldemo.net/hiraola/hiraola/shop-list-left-sidebar.html]
[htmldemo.net/hiraola/hiraola/shop-list-right-sidebar.html]
[htmldemo.net/hiraola/hiraola/single-product-gallery-left.html]
[htmldemo.net/hiraola/hiraola/single-product-gallery-right.html]
[htmldemo.net/hiraola/hiraola/single-product-tab-style-left.html]
[htmldemo.net/hiraola/hiraola/single-product-tab-style-right.html]
[htmldemo.net/hiraola/hiraola/single-product.html]
[htmldemo.net/hiraola/hiraola/single-product-sticky-left.html]
[htmldemo.net/hiraola/hiraola/single-product-sticky-right.html]
[htmldemo.net/hiraola/hiraola/single-product-sale.html]
[htmldemo.net/hiraola/hiraola/single-product-group.html]
[htmldemo.net/hiraola/hiraola/single-product-variable.html]
[htmldemo.net/hiraola/hiraola/single-product-affiliate.html]
[htmldemo.net/hiraola/hiraola/blog-left-sidebar.html]
[htmldemo.net/hiraola/hiraola/single-product-slider.html]
[htmldemo.net/hiraola/hiraola/blog-2-column.html]
[htmldemo.net/hiraola/hiraola/blog-3-column.html]
[htmldemo.net/hiraola/hiraola/blog-right-sidebar.html]
[htmldemo.net/hiraola/hiraola/blog-list-left-sidebar.html]
[htmldemo.net/hiraola/hiraola/blog-list-fullwidth.html]
[htmldemo.net/hiraola/hiraola/blog-list-right-sidebar.html]
[htmldemo.net/hiraola/hiraola/blog-details-left-sidebar.html]
[htmldemo.net/hiraola/hiraola/blog-details-right-sidebar.html]
[htmldemo.net/hiraola/hiraola/blog-gallery-format.html]
[htmldemo.net/hiraola/hiraola/blog-audio-format.html]
[htmldemo.net/hiraola/hiraola/blog-video-format.html]
[htmldemo.net/hiraola/hiraola/my-account.html]
[htmldemo.net/hiraola/hiraola/login-register.html]
[htmldemo.net/hiraola/hiraola/wishlist.html]
[htmldemo.net/hiraola/hiraola/cart.html]
[htmldemo.net/hiraola/hiraola/checkout.html]
[htmldemo.net/hiraola/hiraola/compare.html]
[htmldemo.net/hiraola/hiraola/faq.html]
[htmldemo.net/hiraola/hiraola/404.html]
[htmldemo.net/hiraola/hiraola/coming-soon_page.html]
[htmldemo.net/hiraola/hiraola/about-us.html]
[htmldemo.net/hiraola/hiraola/contact.html]
[htmldemo.net/hiraola/hiraola/assets/images/product/small-size/2-1.jpg]
[htmldemo.net/hiraola/hiraola/assets/images/product/small-size/2-2.jpg]
[htmldemo.net/hiraola/hiraola/assets/images/product/small-size/2-3.jpg]
[htmldemo.net/hiraola/hiraola/shop-4-column.html]
[htmldemo.net/hiraola/hiraola/assets/images/shipping-icon/1.png]
[htmldemo.net/hiraola/hiraola/assets/images/shipping-icon/2.png]
[htmldemo.net/hiraola/hiraola/assets/images/shipping-icon/3.png]
[htmldemo.net/hiraola/hiraola/assets/images/shipping-icon/4.png]
[htmldemo.net/hiraola/hiraola/assets/images/product/medium-size/1-1.jpg]
[htmldemo.net/hiraola/hiraola/assets/images/product/medium-size/1-2.jpg]
[htmldemo.net/hiraola/hiraola/assets/images/product/medium-size/1-3.jpg]
[htmldemo.net/hiraola/hiraola/assets/images/product/medium-size/1-4.jpg]
[htmldemo.net/hiraola/hiraola/assets/images/product/medium-size/1-5.jpg]
[htmldemo.net/hiraola/hiraola/assets/images/product/medium-size/1-6.jpg]
[htmldemo.net/hiraola/hiraola/assets/images/product/medium-size/1-7.jpg]
[htmldemo.net/hiraola/hiraola/assets/images/product/medium-size/1-8.jpg]
[htmldemo.net/hiraola/hiraola/assets/images/product/medium-size/1-9.jpg]
[htmldemo.net/hiraola/hiraola/assets/images/banner/1_5.jpg]
[htmldemo.net/hiraola/hiraola/assets/images/banner/1_6.jpg]
[htmldemo.net/hiraola/hiraola/assets/images/footer/logo/1.png]
[htmldemo.net/hiraola/hiraola/assets/images/footer/payment/1.png]
[htmldemo.net/hiraola/hiraola/assets/images/single-product/large-size/1.jpg]
[htmldemo.net/hiraola/hiraola/assets/images/single-product/large-size/2.jpg]
[htmldemo.net/hiraola/hiraola/assets/images/single-product/large-size/3.jpg]
[htmldemo.net/hiraola/hiraola/assets/images/single-product/large-size/4.jpg]
[htmldemo.net/hiraola/hiraola/assets/images/single-product/small-size/1.jpg]
[htmldemo.net/hiraola/hiraola/assets/images/single-product/small-size/2.jpg]
[htmldemo.net/hiraola/hiraola/assets/images/single-product/small-size/3.jpg]
[htmldemo.net/hiraola/hiraola/assets/images/single-product/small-size/4.jpg]
[htmldemo.net/hiraola/hiraola/assets/js/vendor/jquery-3.6.0.min.js]
[htmldemo.net/hiraola/hiraola/assets/js/vendor/jquery-migrate-3.3.2.min.js]
[htmldemo.net/hiraola/hiraola/assets/js/vendor/modernizr-3.11.2.min.js]
[htmldemo.net/hiraola/hiraola/assets/js/vendor/bootstrap.bundle.min.js]
[htmldemo.net/hiraola/hiraola/assets/js/plugins/slick.min.js]
[htmldemo.net/hiraola/hiraola/assets/js/plugins/countdown.min.js]
[htmldemo.net/hiraola/hiraola/assets/js/plugins/jquery.barrating.min.js]
[htmldemo.net/hiraola/hiraola/assets/js/plugins/jquery.counterup.min.js]
[htmldemo.net/hiraola/hiraola/assets/js/plugins/waypoints.min.js]
[htmldemo.net/hiraola/hiraola/assets/js/plugins/jquery.nice-select.min.js]
[htmldemo.net/hiraola/hiraola/assets/js/plugins/jquery.sticky-sidebar.js]
[htmldemo.net/hiraola/hiraola/assets/js/plugins/scroll-top.min.js]
[htmldemo.net/hiraola/hiraola/assets/js/plugins/jquery-ui.min.js]
[htmldemo.net/hiraola/hiraola/assets/js/plugins/theia-sticky-sidebar.min.js]
[htmldemo.net/hiraola/hiraola/assets/js/plugins/jquery.elevateZoom-3.0.8.min.js]
[htmldemo.net/hiraola/hiraola/assets/js/plugins/timecircles.min.js]
[htmldemo.net/hiraola/hiraola/assets/js/plugins/mailchimp-ajax.js]
[htmldemo.net/hiraola/hiraola/index-2.html]
[htmldemo.net/hiraola/hiraola/assets/css/bootstrap.min.css]
[htmldemo.net/hiraola/hiraola/assets/js/main.js]
[htmldemo.net/hiraola/hiraola/assets/fonts/fa-brands-400.eot]
[htmldemo.net/hiraola/hiraola/assets/fonts/fa-brands-400.woff2]
[htmldemo.net/hiraola/hiraola/assets/fonts/fa-brands-400d41d.eot]
[htmldemo.net/hiraola/hiraola/assets/fonts/fa-brands-400.woff]
[htmldemo.net/hiraola/hiraola/assets/fonts/fa-brands-400.ttf]
[htmldemo.net/hiraola/hiraola/assets/fonts/fa-regular-400.eot]
[htmldemo.net/hiraola/hiraola/assets/fonts/fa-regular-400d41d.eot]
[htmldemo.net/hiraola/hiraola/assets/fonts/fa-brands-400.svg]
[htmldemo.net/hiraola/hiraola/assets/fonts/fa-regular-400.woff2]
[htmldemo.net/hiraola/hiraola/assets/fonts/fa-regular-400.woff]
[htmldemo.net/hiraola/hiraola/assets/fonts/fa-regular-400.ttf]
[htmldemo.net/hiraola/hiraola/assets/fonts/fa-regular-400.svg]
[htmldemo.net/hiraola/hiraola/assets/fonts/fa-solid-900.eot]
[htmldemo.net/hiraola/hiraola/assets/fonts/fa-solid-900.woff2]
[htmldemo.net/hiraola/hiraola/assets/fonts/fa-solid-900d41d.eot]
[htmldemo.net/hiraola/hiraola/assets/fonts/fa-solid-900.woff]
[htmldemo.net/hiraola/hiraola/assets/fonts/fa-solid-900.ttf]
[htmldemo.net/hiraola/hiraola/assets/css/font-awesome.min.css]
[htmldemo.net/hiraola/hiraola/assets/css/fontawesome-stars.css]
[htmldemo.net/hiraola/hiraola/assets/fonts/ionicons28b5.ttf]
[htmldemo.net/hiraola/hiraola/assets/fonts/ionicons28b5.eot]
[htmldemo.net/hiraola/hiraola/assets/fonts/fa-solid-900.svg]
[htmldemo.net/hiraola/hiraola/assets/fonts/ionicons28b5.woff]
[htmldemo.net/hiraola/hiraola/assets/css/ionicons.min.css]
[htmldemo.net/hiraola/hiraola/assets/css/slick.min.css]
[htmldemo.net/hiraola/hiraola/assets/css/animate.min.css]
[htmldemo.net/hiraola/hiraola/assets/fonts/ionicons28b5.svg]
[htmldemo.net/hiraola/hiraola/assets/css/images/ui-icons_444444_256x240.png]
[htmldemo.net/hiraola/hiraola/assets/css/images/ui-icons_555555_256x240.png]
[htmldemo.net/hiraola/hiraola/assets/css/images/ui-icons_ffffff_256x240.png]
[htmldemo.net/hiraola/hiraola/assets/css/images/ui-icons_777620_256x240.png]
[htmldemo.net/hiraola/hiraola/assets/css/images/ui-icons_cc0000_256x240.png]
[htmldemo.net/hiraola/hiraola/assets/css/images/ui-icons_777777_256x240.png]
[htmldemo.net/hiraola/hiraola/assets/css/jquery-ui.min.css]
[htmldemo.net/hiraola/hiraola/assets/css/nice-select.min.css]
[htmldemo.net/hiraola/hiraola/assets/css/timecircles.min.css]
[htmldemo.net/hiraola/hiraola/assets/images/newsletters/bg-1.png]
[htmldemo.net/hiraola/hiraola/assets/images/slider/1.jpg]
[htmldemo.net/hiraola/hiraola/assets/images/slider/2.jpg]
[htmldemo.net/hiraola/hiraola/assets/images/slider/3.jpg]
[htmldemo.net/hiraola/hiraola/assets/images/slider/4.jpg]
[htmldemo.net/hiraola/hiraola/assets/images/slider/5.jpg]
[htmldemo.net/hiraola/hiraola/assets/images/slider/6.jpg]
[htmldemo.net/hiraola/hiraola/assets/images/slider/7.jpg]
[htmldemo.net/hiraola/hiraola/assets/images/banner/static-banner.png]
[htmldemo.net/hiraola/hiraola/assets/images/banner/static-banner-2.png]
[htmldemo.net/hiraola/hiraola/assets/images/breadcrumb/1.jpg]
[htmldemo.net/hiraola/hiraola/assets/images/menu/bg/1.jpg]
[htmldemo.net/hiraola/hiraola/assets/images/insta-icon/1.png]
[htmldemo.net/hiraola/hiraola/assets/images/coming-soon/flake.png]
[htmldemo.net/hiraola/hiraola/assets/css/style.css]
[htmldemo.net/hiraola/hiraola/assets/images/menu/icon/1.jpg]
[htmldemo.net/hiraola/hiraola/assets/images/menu/icon/2.jpg]
[htmldemo.net/hiraola/hiraola/assets/images/menu/logo/2.png]
[htmldemo.net/hiraola/hiraola/assets/images/banner/1_1.jpg]
[htmldemo.net/hiraola/hiraola/assets/images/banner/1_2.jpg]
[htmldemo.net/hiraola/hiraola/assets/images/banner/1_3.jpg]
[htmldemo.net/hiraola/hiraola/assets/images/banner/1_4.jpg]
[htmldemo.net/hiraola/hiraola/index.html]
[htmldemo.net/hiraola/hiraola/assets/images/menu/logo/4.png]
[htmldemo.net/hiraola/hiraola/assets/images/banner/3_1.jpg]
[htmldemo.net/hiraola/hiraola/assets/images/banner/3_2.jpg]
[htmldemo.net/hiraola/hiraola/assets/images/banner/3_3.jpg]
[htmldemo.net/hiraola/hiraola/assets/images/banner/3_4.jpg]
[htmldemo.net/hiraola/hiraola/assets/images/banner/3_5.jpg]
[htmldemo.net/hiraola/hiraola/assets/images/blog/medium-size/2.jpg]
[htmldemo.net/hiraola/hiraola/assets/images/blog/medium-size/3.jpg]
[htmldemo.net/hiraola/hiraola/assets/images/blog/medium-size/4.jpg]
[htmldemo.net/hiraola/hiraola/assets/images/brand/1.jpg]
[htmldemo.net/hiraola/hiraola/assets/images/brand/2.jpg]
[htmldemo.net/hiraola/hiraola/assets/images/brand/3.jpg]
[htmldemo.net/hiraola/hiraola/assets/images/brand/4.jpg]
[htmldemo.net/hiraola/hiraola/assets/images/brand/5.jpg]
[htmldemo.net/hiraola/hiraola/assets/images/brand/6.jpg]
[htmldemo.net/hiraola/hiraola/assets/images/footer/logo/2.png]
[htmldemo.net/hiraola/hiraola/index-3.html]
[htmldemo.net/hiraola/hiraola/shop-left-sidebar.html]
[htmldemo.net/hiraola/hiraola/shop-3-column.html]
[htmldemo.net/hiraola/hiraola/shop-right-sidebar.html]
[htmldemo.net/hiraola/hiraola/shop-list-fullwidth.html]
[htmldemo.net/hiraola/hiraola/shop-list-left-sidebar.html]
[htmldemo.net/hiraola/hiraola/shop-list-right-sidebar.html]
[htmldemo.net/hiraola/hiraola/single-product-gallery-left.html]
[htmldemo.net/hiraola/hiraola/single-product-gallery-right.html]
[htmldemo.net/hiraola/hiraola/assets/images/single-product/large-size/5.jpg]
[htmldemo.net/hiraola/hiraola/assets/images/single-product/small-size/5.jpg]
[htmldemo.net/hiraola/hiraola/assets/images/single-product/large-size/6.jpg]
[htmldemo.net/hiraola/hiraola/assets/images/single-product/small-size/6.jpg]
[htmldemo.net/hiraola/hiraola/single-product-tab-style-left.html]
[htmldemo.net/hiraola/hiraola/single-product-tab-style-right.html]
[htmldemo.net/hiraola/hiraola/single-product-sticky-left.html]
[htmldemo.net/hiraola/hiraola/single-product-sticky-right.html]
[htmldemo.net/hiraola/hiraola/single-product.html]
[htmldemo.net/hiraola/hiraola/single-product-sale.html]
[htmldemo.net/hiraola/hiraola/single-product-group.html]
[htmldemo.net/hiraola/hiraola/single-product-variable.html]
[htmldemo.net/hiraola/hiraola/single-product-affiliate.html]
[htmldemo.net/hiraola/hiraola/single-product-slider.html]
[htmldemo.net/hiraola/hiraola/assets/images/blog/medium-size/1.jpg]
[htmldemo.net/hiraola/hiraola/blog-left-sidebar.html]
[htmldemo.net/hiraola/hiraola/blog-2-column.html]
[htmldemo.net/hiraola/hiraola/blog-3-column.html]
[htmldemo.net/hiraola/hiraola/blog-right-sidebar.html]
[htmldemo.net/hiraola/hiraola/blog-list-left-sidebar.html]
[htmldemo.net/hiraola/hiraola/blog-list-fullwidth.html]
[htmldemo.net/hiraola/hiraola/blog-list-right-sidebar.html]
[htmldemo.net/hiraola/hiraola/assets/images/blog/user.png]
[htmldemo.net/hiraola/hiraola/assets/images/blog/admin.png]
[htmldemo.net/hiraola/hiraola/blog-details-left-sidebar.html]
[htmldemo.net/hiraola/hiraola/blog-details-right-sidebar.html]
[htmldemo.net/hiraola/hiraola/blog-gallery-format.html]
[htmldemo.net/hiraola/hiraola/blog-audio-format.html]
[htmldemo.net/hiraola/hiraola/blog-video-format.html]
[htmldemo.net/hiraola/hiraola/my-account.html]
[htmldemo.net/hiraola/hiraola/login-register.html]
[htmldemo.net/hiraola/hiraola/wishlist.html]
[htmldemo.net/hiraola/hiraola/cart.html]
[htmldemo.net/hiraola/hiraola/checkout.html]
[htmldemo.net/hiraola/hiraola/compare.html]
[htmldemo.net/hiraola/hiraola/faq.html]
[htmldemo.net/hiraola/hiraola/404.html]
[htmldemo.net/hiraola/hiraola/assets/images/coming-soon/bg-1.jpg]
[htmldemo.net/hiraola/hiraola/assets/images/menu/logo/3.png]
[htmldemo.net/hiraola/hiraola/coming-soon_page.html]
[htmldemo.net/hiraola/hiraola/assets/images/about-us/1.jpg]
[htmldemo.net/hiraola/hiraola/assets/images/about-us/team/1.jpg]
[htmldemo.net/hiraola/hiraola/assets/images/about-us/team/2.jpg]
[htmldemo.net/hiraola/hiraola/assets/images/about-us/team/3.jpg]
[htmldemo.net/hiraola/hiraola/assets/images/about-us/team/4.jpg]
[htmldemo.net/hiraola/hiraola/about-us.html]
[htmldemo.net/hiraola/hiraola/contact.html]
[htmldemo.net/hiraola/hiraola/shop-4-column.html]
[htmldemo.net/hiraola/hiraola/assets/fonts/fa-brands-400.svg]
[htmldemo.net/hiraola/hiraola/assets/fonts/fa-regular-400.svg]
[htmldemo.net/hiraola/hiraola/assets/fonts/fa-solid-900.svg]
[htmldemo.net/hiraola/hiraola/assets/fonts/ionicons28b5.svg]
[htmldemo.net/hiraola/hiraola/assets/css/images/ui-icons_444444_256x240.html]
[htmldemo.net/hiraola/hiraola/assets/css/images/ui-icons_555555_256x240.html]
[htmldemo.net/hiraola/hiraola/assets/css/images/ui-icons_ffffff_256x240.html]
[htmldemo.net/hiraola/hiraola/assets/css/images/ui-icons_777620_256x240.html]
[htmldemo.net/hiraola/hiraola/assets/css/images/ui-icons_cc0000_256x240.html]
[htmldemo.net/hiraola/hiraola/assets/css/images/ui-icons_777777_256x240.html]
[htmldemo.net/hiraola/hiraola/assets/images/insta-icon/1.html]
